2018-09-25 15:58:31.262 INFO  (main) [   ] o.e.j.s.Server jetty-9.3.14.v20161028
2018-09-25 15:58:38.477 INFO  (main) [   ] o.a.s.s.SolrDispatchFilter  ___      _       Welcome to Apache Solr™ version 6.6.2
2018-09-25 15:58:38.478 INFO  (main) [   ] o.a.s.s.SolrDispatchFilter / __| ___| |_ _   Starting in standalone mode on port 8985
2018-09-25 15:58:38.479 INFO  (main) [   ] o.a.s.s.SolrDispatchFilter \__ \/ _ \ | '_|  Install dir: /vagrant/duke2018/tmp/solr-development
2018-09-25 15:58:38.533 INFO  (main) [   ] o.a.s.s.SolrDispatchFilter |___/\___/_|_|    Start time: 2018-09-25T15:58:38.481Z
2018-09-25 15:58:38.534 INFO  (main) [   ] o.a.s.s.StartupLoggingUtils Property solr.log.muteconsole given. Muting ConsoleAppender named CONSOLE
Sep 25, 2018 3:58:57 PM org.apache.tika.config.InitializableProblemHandler$3 handleInitializableProblem
WARNING: JBIG2ImageReader not loaded. jbig2 files will be ignored
See https://pdfbox.apache.org/2.0/dependencies.html#jai-image-io
for optional dependencies.
TIFFImageWriter not loaded. tiff files will not be processed
See https://pdfbox.apache.org/2.0/dependencies.html#jai-image-io
for optional dependencies.
J2KImageReader not loaded. JPEG2000 files will not be processed.
See https://pdfbox.apache.org/2.0/dependencies.html#jai-image-io
for optional dependencies.

Sep 25, 2018 3:58:57 PM org.apache.tika.config.InitializableProblemHandler$3 handleInitializableProblem
WARNING: org.xerial's sqlite-jdbc is not loaded.
Please provide the jar on your classpath to parse sqlite files.
See tika-parsers/pom.xml for the correct version.
Sep 25, 2018 3:59:05 PM org.apache.tika.config.InitializableProblemHandler$3 handleInitializableProblem
WARNING: JBIG2ImageReader not loaded. jbig2 files will be ignored
See https://pdfbox.apache.org/2.0/dependencies.html#jai-image-io
for optional dependencies.
TIFFImageWriter not loaded. tiff files will not be processed
See https://pdfbox.apache.org/2.0/dependencies.html#jai-image-io
for optional dependencies.
J2KImageReader not loaded. JPEG2000 files will not be processed.
See https://pdfbox.apache.org/2.0/dependencies.html#jai-image-io
for optional dependencies.

Sep 25, 2018 3:59:05 PM org.apache.tika.config.InitializableProblemHandler$3 handleInitializableProblem
WARNING: org.xerial's sqlite-jdbc is not loaded.
Please provide the jar on your classpath to parse sqlite files.
See tika-parsers/pom.xml for the correct version.
